<?xml version="1.0" encoding="UTF-8"?>
<testng-results skipped="0" failed="0" ignored="0" total="2" passed="2">
  <reporter-output>
    <line>
      <![CDATA[<span style="color:#2A00FF">【info】com.end.utils.TestNGListener: 测试初始化</span><br/>]]>
    </line>
    <line>
      <![CDATA[<span style="color:#2A00FF">【info】com.end.utils.TestNGListener: 【failLogin】测试用例开始执行</span><br/>]]>
    </line>
    <line>
      <![CDATA[<span style="color:#2A00FF">【info】com.end.uiframework.DriverFactory: 打开网址http://192.168.150.1/zentao/www</span><br/>]]>
    </line>
    <line>
      <![CDATA[<span style="color:#2A00FF">【info】com.end.uiframework.DriverFactory: 在元素：用户名输入框 提交admin</span><br/>]]>
    </line>
    <line>
      <![CDATA[<span style="color:#2A00FF">【info】com.end.uiframework.DriverFactory: 在元素：密码输入框 提交123456</span><br/>]]>
    </line>
    <line>
      <![CDATA[<span style="color:#2A00FF">【info】com.end.uiframework.DriverFactory: 元素：登录按钮 点击</span><br/>]]>
    </line>
    <line>
      <![CDATA[<span style="color:#2A00FF">【info】com.end.uiframework.DriverFactory: 等待3秒</span><br/>]]>
    </line>
    <line>
      <![CDATA[<span style="color:#2A00FF">【info】com.end.utils.AssertUtils: 包含断言  实际结果：登录失败，请检查您的用户名或密码是否填写正确。预期结果：失败</span><br/>]]>
    </line>
    <line>
      <![CDATA[<span style="color:#2A00FF">【info】com.end.utils.TestNGListener: 【failLogin】测试用例执行成功</span><br/>]]>
    </line>
    <line>
      <![CDATA[<span style="color:#2A00FF">【info】com.end.utils.TestNGListener: 【loginTest】测试用例开始执行</span><br/>]]>
    </line>
    <line>
      <![CDATA[<span style="color:#2A00FF">【info】com.end.uiframework.DriverFactory: 打开网址http://192.168.150.1/zentao/www</span><br/>]]>
    </line>
    <line>
      <![CDATA[<span style="color:#2A00FF">【info】com.end.uiframework.DriverFactory: 在元素：用户名输入框 提交admin</span><br/>]]>
    </line>
    <line>
      <![CDATA[<span style="color:#2A00FF">【info】com.end.uiframework.DriverFactory: 在元素：密码输入框 提交Cloud0903</span><br/>]]>
    </line>
    <line>
      <![CDATA[<span style="color:#2A00FF">【info】com.end.uiframework.DriverFactory: 元素：登录按钮 点击</span><br/>]]>
    </line>
    <line>
      <![CDATA[<span style="color:#2A00FF">【info】com.end.uiframework.DriverFactory: 等待2秒</span><br/>]]>
    </line>
    <line>
      <![CDATA[<span style="color:#2A00FF">【info】com.end.uiframework.DriverFactory: 获取元素：用户菜单 文本值</span><br/>]]>
    </line>
    <line>
      <![CDATA[<span style="color:#2A00FF">【info】com.end.utils.AssertUtils: 包含断言  实际结果：admin预期结果：admin</span><br/>]]>
    </line>
    <line>
      <![CDATA[<span style="color:#2A00FF">【info】com.end.utils.TestNGListener: 【loginTest】测试用例执行成功</span><br/>]]>
    </line>
  </reporter-output>
  <suite name="suite1" duration-ms="22112" started-at="2017-11-07T16:10:36Z" finished-at="2017-11-07T16:10:58Z">
    <groups>
    </groups>
    <test name="test1" duration-ms="22112" started-at="2017-11-07T16:10:36Z" finished-at="2017-11-07T16:10:58Z">
      <class name="com.End.LoginTest">
        <test-method status="PASS" signature="setUp()[pri:0, instance:com.End.LoginTest@7c1e2a9e]" name="setUp" is-config="true" duration-ms="4641" started-at="2017-11-08T00:10:36Z" finished-at="2017-11-08T00:10:41Z">
          <reporter-output>
          </reporter-output>
        </test-method> <!-- setUp -->
        <test-method status="PASS" signature="failLogin()[pri:0, instance:com.End.LoginTest@7c1e2a9e]" name="failLogin" duration-ms="5114" started-at="2017-11-08T00:10:41Z" finished-at="2017-11-08T00:10:46Z">
          <reporter-output>
            <line>
              <![CDATA[<span style="color:#2A00FF">【info】com.end.utils.TestNGListener: 【failLogin】测试用例开始执行</span><br/>]]>
            </line>
            <line>
              <![CDATA[<span style="color:#2A00FF">【info】com.end.uiframework.DriverFactory: 打开网址http://192.168.150.1/zentao/www</span><br/>]]>
            </line>
            <line>
              <![CDATA[<span style="color:#2A00FF">【info】com.end.uiframework.DriverFactory: 在元素：用户名输入框 提交admin</span><br/>]]>
            </line>
            <line>
              <![CDATA[<span style="color:#2A00FF">【info】com.end.uiframework.DriverFactory: 在元素：密码输入框 提交123456</span><br/>]]>
            </line>
            <line>
              <![CDATA[<span style="color:#2A00FF">【info】com.end.uiframework.DriverFactory: 元素：登录按钮 点击</span><br/>]]>
            </line>
            <line>
              <![CDATA[<span style="color:#2A00FF">【info】com.end.uiframework.DriverFactory: 等待3秒</span><br/>]]>
            </line>
            <line>
              <![CDATA[<span style="color:#2A00FF">【info】com.end.utils.AssertUtils: 包含断言  实际结果：登录失败，请检查您的用户名或密码是否填写正确。预期结果：失败</span><br/>]]>
            </line>
            <line>
              <![CDATA[<span style="color:#2A00FF">【info】com.end.utils.TestNGListener: 【failLogin】测试用例执行成功</span><br/>]]>
            </line>
          </reporter-output>
        </test-method> <!-- failLogin -->
        <test-method status="PASS" signature="closeUrl()[pri:0, instance:com.End.LoginTest@7c1e2a9e]" name="closeUrl" is-config="true" duration-ms="205" started-at="2017-11-08T00:10:46Z" finished-at="2017-11-08T00:10:46Z">
          <reporter-output>
          </reporter-output>
        </test-method> <!-- closeUrl -->
        <test-method status="PASS" signature="setUp()[pri:0, instance:com.End.LoginTest@7c1e2a9e]" name="setUp" is-config="true" duration-ms="2922" started-at="2017-11-08T00:10:46Z" finished-at="2017-11-08T00:10:49Z">
          <reporter-output>
          </reporter-output>
        </test-method> <!-- setUp -->
        <test-method status="PASS" signature="loginTest()[pri:0, instance:com.End.LoginTest@7c1e2a9e]" name="loginTest" duration-ms="9103" started-at="2017-11-08T00:10:49Z" finished-at="2017-11-08T00:10:58Z">
          <reporter-output>
            <line>
              <![CDATA[<span style="color:#2A00FF">【info】com.end.utils.TestNGListener: 【loginTest】测试用例开始执行</span><br/>]]>
            </line>
            <line>
              <![CDATA[<span style="color:#2A00FF">【info】com.end.uiframework.DriverFactory: 打开网址http://192.168.150.1/zentao/www</span><br/>]]>
            </line>
            <line>
              <![CDATA[<span style="color:#2A00FF">【info】com.end.uiframework.DriverFactory: 在元素：用户名输入框 提交admin</span><br/>]]>
            </line>
            <line>
              <![CDATA[<span style="color:#2A00FF">【info】com.end.uiframework.DriverFactory: 在元素：密码输入框 提交Cloud0903</span><br/>]]>
            </line>
            <line>
              <![CDATA[<span style="color:#2A00FF">【info】com.end.uiframework.DriverFactory: 元素：登录按钮 点击</span><br/>]]>
            </line>
            <line>
              <![CDATA[<span style="color:#2A00FF">【info】com.end.uiframework.DriverFactory: 等待2秒</span><br/>]]>
            </line>
            <line>
              <![CDATA[<span style="color:#2A00FF">【info】com.end.uiframework.DriverFactory: 获取元素：用户菜单 文本值</span><br/>]]>
            </line>
            <line>
              <![CDATA[<span style="color:#2A00FF">【info】com.end.utils.AssertUtils: 包含断言  实际结果：admin预期结果：admin</span><br/>]]>
            </line>
            <line>
              <![CDATA[<span style="color:#2A00FF">【info】com.end.utils.TestNGListener: 【loginTest】测试用例执行成功</span><br/>]]>
            </line>
          </reporter-output>
        </test-method> <!-- loginTest -->
        <test-method status="PASS" signature="closeUrl()[pri:0, instance:com.End.LoginTest@7c1e2a9e]" name="closeUrl" is-config="true" duration-ms="94" started-at="2017-11-08T00:10:58Z" finished-at="2017-11-08T00:10:58Z">
          <reporter-output>
          </reporter-output>
        </test-method> <!-- closeUrl -->
      </class> <!-- com.End.LoginTest -->
    </test> <!-- test1 -->
  </suite> <!-- suite1 -->
</testng-results>
